22:39:18.388 [CLI TAE (STDERR Thread - #0)] WARN  c.u.c.b.a.t.b.c.CommandLineAlgorithmRun - [PROCESS-ERR]  Traceback (most recent call last):
22:39:18.390 [CLI TAE (STDERR Thread - #0)] WARN  c.u.c.b.a.t.b.c.CommandLineAlgorithmRun - [PROCESS-ERR]    File "C:\studia\magisterka\PonyGE2\src\algorithm\parameters.py", line 207, in load_params
22:39:18.391 [CLI TAE (STDERR Thread - #0)] WARN  c.u.c.b.a.t.b.c.CommandLineAlgorithmRun - [PROCESS-ERR]      open(file_name, "r")
22:39:18.393 [CLI TAE (STDERR Thread - #0)] WARN  c.u.c.b.a.t.b.c.CommandLineAlgorithmRun - [PROCESS-ERR]  FileNotFoundError: [Errno 2] No such file or directory: '..\\parameters\\tune.txt'
22:39:18.394 [CLI TAE (STDERR Thread - #0)] WARN  c.u.c.b.a.t.b.c.CommandLineAlgorithmRun - [PROCESS-ERR]  
22:39:18.395 [CLI TAE (STDERR Thread - #0)] WARN  c.u.c.b.a.t.b.c.CommandLineAlgorithmRun - [PROCESS-ERR]  During handling of the above exception, another exception occurred:
22:39:18.395 [CLI TAE (STDERR Thread - #0)] WARN  c.u.c.b.a.t.b.c.CommandLineAlgorithmRun - [PROCESS-ERR]  
22:39:18.396 [CLI TAE (STDERR Thread - #0)] WARN  c.u.c.b.a.t.b.c.CommandLineAlgorithmRun - [PROCESS-ERR]  Traceback (most recent call last):
22:39:18.397 [CLI TAE (STDERR Thread - #0)] WARN  c.u.c.b.a.t.b.c.CommandLineAlgorithmRun - [PROCESS-ERR]    File "./tune.py", line 55, in <module>
22:39:18.397 [CLI TAE (STDERR Thread - #0)] WARN  c.u.c.b.a.t.b.c.CommandLineAlgorithmRun - [PROCESS-ERR]      set_params(cmd_line_params) 
22:39:18.398 [CLI TAE (STDERR Thread - #0)] WARN  c.u.c.b.a.t.b.c.CommandLineAlgorithmRun - [PROCESS-ERR]    File "C:\studia\magisterka\PonyGE2\src\algorithm\parameters.py", line 272, in set_params
22:39:18.399 [CLI TAE (STDERR Thread - #0)] WARN  c.u.c.b.a.t.b.c.CommandLineAlgorithmRun - [PROCESS-ERR]      load_params(path.join("..", "parameters", cmd_args['PARAMETERS']))
22:39:18.403 [CLI TAE (STDERR Thread - #0)] WARN  c.u.c.b.a.t.b.c.CommandLineAlgorithmRun - [PROCESS-ERR]    File "C:\studia\magisterka\PonyGE2\src\algorithm\parameters.py", line 212, in load_params
22:39:18.404 [CLI TAE (STDERR Thread - #0)] WARN  c.u.c.b.a.t.b.c.CommandLineAlgorithmRun - [PROCESS-ERR]      raise Exception(s)
22:39:18.405 [CLI TAE (STDERR Thread - #0)] WARN  c.u.c.b.a.t.b.c.CommandLineAlgorithmRun - [PROCESS-ERR]  Exception: algorithm.paremeters.load_params
22:39:18.405 [CLI TAE (STDERR Thread - #0)] WARN  c.u.c.b.a.t.b.c.CommandLineAlgorithmRun - [PROCESS-ERR]  Error: Parameters file not found.
22:39:18.406 [CLI TAE (STDERR Thread - #0)] WARN  c.u.c.b.a.t.b.c.CommandLineAlgorithmRun - [PROCESS-ERR]         Ensure file extension is specified, e.g. 'regression.txt'.
22:39:18.457 [CLI TAE (Master Thread - #0)] ERROR c.u.c.b.a.t.b.c.CommandLineAlgorithmRun - The following algorithm call failed: cd "C:\studia\magisterka\PonyGE2\src" &  python ./tune.py no_instance 0 600.0 2147483647 9283310 -crossover 'subtree' -crossover_probability '0.75' -max_tree_depth '90' -max_tree_nodes '1000000' -mutate_duplicates 'True' -mutation 'subtree' -mutation_events '1' -selection 'tournament' -tournament_size '2'  
22:39:18.494 [main] ERROR c.u.c.b.smac.executors.SMACExecutor - Message:  Wrapper did not output anything that matched the expected output ("Result of algorithm run:..."). Please try executing the wrapper directly
22:39:18.503 [main] ERROR c.u.c.b.smac.executors.SMACExecutor - A serious problem occured during target algorithm execution and we are aborting execution 
ca.ubc.cs.beta.aeatk.targetalgorithmevaluator.exceptions.TargetAlgorithmAbortException:  Wrapper did not output anything that matched the expected output ("Result of algorithm run:..."). Please try executing the wrapper directly
	at ca.ubc.cs.beta.aeatk.targetalgorithmevaluator.decorators.safety.AbortOnFirstRunCrashTargetAlgorithmEvaluator.validate(AbortOnFirstRunCrashTargetAlgorithmEvaluator.java:55) ~[aeatk.jar:na]
	at ca.ubc.cs.beta.aeatk.targetalgorithmevaluator.decorators.safety.AbortOnFirstRunCrashTargetAlgorithmEvaluator.access$000(AbortOnFirstRunCrashTargetAlgorithmEvaluator.java:23) ~[aeatk.jar:na]
	at ca.ubc.cs.beta.aeatk.targetalgorithmevaluator.decorators.safety.AbortOnFirstRunCrashTargetAlgorithmEvaluator$1.onSuccess(AbortOnFirstRunCrashTargetAlgorithmEvaluator.java:80) ~[aeatk.jar:na]
	at ca.ubc.cs.beta.aeatk.targetalgorithmevaluator.base.cli.CommandLineTargetAlgorithmEvaluator$1$1.run(CommandLineTargetAlgorithmEvaluator.java:164) ~[aeatk.jar:na]
	at java.base/java.util.concurrent.ThreadPoolExecutor.runWorker(ThreadPoolExecutor.java:1128) ~[na:na]
	at java.base/java.util.concurrent.ThreadPoolExecutor$Worker.run(ThreadPoolExecutor.java:628) ~[na:na]
	at java.base/java.lang.Thread.run(Thread.java:834) ~[na:na]
22:39:18.504 [main] ERROR c.u.c.b.smac.executors.SMACExecutor - We tried to call the target algorithm wrapper, but this call failed.
22:39:18.504 [main] ERROR c.u.c.b.smac.executors.SMACExecutor - The problem is (most likely) somewhere in the wrapper or with the arguments to SMAC.
22:39:18.505 [main] ERROR c.u.c.b.smac.executors.SMACExecutor - The easiest way to debug this problem is to manually execute the call we tried and see why it did not return the correct result
22:39:18.509 [main] ERROR c.u.c.b.smac.executors.SMACExecutor - The required output of the wrapper is something like "Result for ParamILS: x,x,x,x,x".);
